2025-12-02 18:40:08,492 [Worker-6: Loading available Gradle versions] INFO  o.e.b.c.i.u.g.PublishedGradleVersions - Gradle version information cache is up-to-date. Trying to read.
2025-12-02 18:43:47,314 [Worker-0: Launching mavenrun-5f3bf3f4-ece4-411c-acae-9e0a2bfd66b3] INFO  o.eclipse.m2e.core.internal.Bundles - getClasspathEntries(Bundle=org.eclipse.m2e.maven.runtime_3.9.900.20250220-2013 [637])
2025-12-02 18:43:47,316 [Worker-0: Launching mavenrun-5f3bf3f4-ece4-411c-acae-9e0a2bfd66b3] INFO  o.eclipse.m2e.core.internal.Bundles - 	Entry: /home/aniket/Documents/Download/Eclipse EE/eclipse/plugins/org.eclipse.m2e.maven.runtime_3.9.900.20250220-2013
2025-12-02 18:43:47,316 [Worker-0: Launching mavenrun-5f3bf3f4-ece4-411c-acae-9e0a2bfd66b3] INFO  o.eclipse.m2e.core.internal.Bundles - 	Entry: /home/aniket/Documents/Download/Eclipse EE/eclipse/plugins/org.eclipse.m2e.maven.runtime_3.9.900.20250220-2013/jars/aopalliance-1.0.jar
2025-12-02 18:43:47,316 [Worker-0: Launching mavenrun-5f3bf3f4-ece4-411c-acae-9e0a2bfd66b3] INFO  o.eclipse.m2e.core.internal.Bundles - 	Entry: /home/aniket/Documents/Download/Eclipse EE/eclipse/plugins/org.eclipse.m2e.maven.runtime_3.9.900.20250220-2013/jars/guice-5.1.0.jar
2025-12-02 18:43:47,316 [Worker-0: Launching mavenrun-5f3bf3f4-ece4-411c-acae-9e0a2bfd66b3] INFO  o.eclipse.m2e.core.internal.Bundles - 	Entry: /home/aniket/Documents/Download/Eclipse EE/eclipse/plugins/org.eclipse.m2e.maven.runtime_3.9.900.20250220-2013/jars/httpclient-4.5.14.jar
2025-12-02 18:43:47,316 [Worker-0: Launching mavenrun-5f3bf3f4-ece4-411c-acae-9e0a2bfd66b3] INFO  o.eclipse.m2e.core.internal.Bundles - 	Entry: /home/aniket/Documents/Download/Eclipse EE/eclipse/plugins/org.eclipse.m2e.maven.runtime_3.9.900.20250220-2013/jars/httpcore-4.4.16.jar
2025-12-02 18:43:47,316 [Worker-0: Launching mavenrun-5f3bf3f4-ece4-411c-acae-9e0a2bfd66b3] INFO  o.eclipse.m2e.core.internal.Bundles - 	Entry: /home/aniket/Documents/Download/Eclipse EE/eclipse/plugins/org.eclipse.m2e.maven.runtime_3.9.900.20250220-2013/jars/jansi-2.4.1.jar
2025-12-02 18:43:47,316 [Worker-0: Launching mavenrun-5f3bf3f4-ece4-411c-acae-9e0a2bfd66b3] INFO  o.eclipse.m2e.core.internal.Bundles - 	Entry: /home/aniket/Documents/Download/Eclipse EE/eclipse/plugins/org.eclipse.m2e.maven.runtime_3.9.900.20250220-2013/jars/jcl-over-slf4j-1.7.36.jar
2025-12-02 18:43:47,316 [Worker-0: Launching mavenrun-5f3bf3f4-ece4-411c-acae-9e0a2bfd66b3] INFO  o.eclipse.m2e.core.internal.Bundles - 	Entry: /home/aniket/Documents/Download/Eclipse EE/eclipse/plugins/org.eclipse.m2e.maven.runtime_3.9.900.20250220-2013/jars/maven-artifact-3.9.9.jar
2025-12-02 18:43:47,316 [Worker-0: Launching mavenrun-5f3bf3f4-ece4-411c-acae-9e0a2bfd66b3] INFO  o.eclipse.m2e.core.internal.Bundles - 	Entry: /home/aniket/Documents/Download/Eclipse EE/eclipse/plugins/org.eclipse.m2e.maven.runtime_3.9.900.20250220-2013/jars/maven-builder-support-3.9.9.jar
2025-12-02 18:43:47,316 [Worker-0: Launching mavenrun-5f3bf3f4-ece4-411c-acae-9e0a2bfd66b3] INFO  o.eclipse.m2e.core.internal.Bundles - 	Entry: /home/aniket/Documents/Download/Eclipse EE/eclipse/plugins/org.eclipse.m2e.maven.runtime_3.9.900.20250220-2013/jars/maven-compat-3.9.9.jar
2025-12-02 18:43:47,316 [Worker-0: Launching mavenrun-5f3bf3f4-ece4-411c-acae-9e0a2bfd66b3] INFO  o.eclipse.m2e.core.internal.Bundles - 	Entry: /home/aniket/Documents/Download/Eclipse EE/eclipse/plugins/org.eclipse.m2e.maven.runtime_3.9.900.20250220-2013/jars/maven-core-3.9.9.jar
2025-12-02 18:43:47,316 [Worker-0: Launching mavenrun-5f3bf3f4-ece4-411c-acae-9e0a2bfd66b3] INFO  o.eclipse.m2e.core.internal.Bundles - 	Entry: /home/aniket/Documents/Download/Eclipse EE/eclipse/plugins/org.eclipse.m2e.maven.runtime_3.9.900.20250220-2013/jars/maven-embedder-3.9.9.jar
2025-12-02 18:43:47,316 [Worker-0: Launching mavenrun-5f3bf3f4-ece4-411c-acae-9e0a2bfd66b3] INFO  o.eclipse.m2e.core.internal.Bundles - 	Entry: /home/aniket/Documents/Download/Eclipse EE/eclipse/plugins/org.eclipse.m2e.maven.runtime_3.9.900.20250220-2013/jars/maven-model-3.9.9.jar
2025-12-02 18:43:47,316 [Worker-0: Launching mavenrun-5f3bf3f4-ece4-411c-acae-9e0a2bfd66b3] INFO  o.eclipse.m2e.core.internal.Bundles - 	Entry: /home/aniket/Documents/Download/Eclipse EE/eclipse/plugins/org.eclipse.m2e.maven.runtime_3.9.900.20250220-2013/jars/maven-model-builder-3.9.9.jar
2025-12-02 18:43:47,316 [Worker-0: Launching mavenrun-5f3bf3f4-ece4-411c-acae-9e0a2bfd66b3] INFO  o.eclipse.m2e.core.internal.Bundles - 	Entry: /home/aniket/Documents/Download/Eclipse EE/eclipse/plugins/org.eclipse.m2e.maven.runtime_3.9.900.20250220-2013/jars/maven-plugin-api-3.9.9.jar
2025-12-02 18:43:47,316 [Worker-0: Launching mavenrun-5f3bf3f4-ece4-411c-acae-9e0a2bfd66b3] INFO  o.eclipse.m2e.core.internal.Bundles - 	Entry: /home/aniket/Documents/Download/Eclipse EE/eclipse/plugins/org.eclipse.m2e.maven.runtime_3.9.900.20250220-2013/jars/maven-repository-metadata-3.9.9.jar
2025-12-02 18:43:47,316 [Worker-0: Launching mavenrun-5f3bf3f4-ece4-411c-acae-9e0a2bfd66b3] INFO  o.eclipse.m2e.core.internal.Bundles - 	Entry: /home/aniket/Documents/Download/Eclipse EE/eclipse/plugins/org.eclipse.m2e.maven.runtime_3.9.900.20250220-2013/jars/maven-resolver-api-1.9.22.jar
2025-12-02 18:43:47,316 [Worker-0: Launching mavenrun-5f3bf3f4-ece4-411c-acae-9e0a2bfd66b3] INFO  o.eclipse.m2e.core.internal.Bundles - 	Entry: /home/aniket/Documents/Download/Eclipse EE/eclipse/plugins/org.eclipse.m2e.maven.runtime_3.9.900.20250220-2013/jars/maven-resolver-connector-basic-1.9.22.jar
2025-12-02 18:43:47,316 [Worker-0: Launching mavenrun-5f3bf3f4-ece4-411c-acae-9e0a2bfd66b3] INFO  o.eclipse.m2e.core.internal.Bundles - 	Entry: /home/aniket/Documents/Download/Eclipse EE/eclipse/plugins/org.eclipse.m2e.maven.runtime_3.9.900.20250220-2013/jars/maven-resolver-impl-1.9.22.jar
2025-12-02 18:43:47,316 [Worker-0: Launching mavenrun-5f3bf3f4-ece4-411c-acae-9e0a2bfd66b3] INFO  o.eclipse.m2e.core.internal.Bundles - 	Entry: /home/aniket/Documents/Download/Eclipse EE/eclipse/plugins/org.eclipse.m2e.maven.runtime_3.9.900.20250220-2013/jars/maven-resolver-named-locks-1.9.22.jar
2025-12-02 18:43:47,317 [Worker-0: Launching mavenrun-5f3bf3f4-ece4-411c-acae-9e0a2bfd66b3] INFO  o.eclipse.m2e.core.internal.Bundles - 	Entry: /home/aniket/Documents/Download/Eclipse EE/eclipse/plugins/org.eclipse.m2e.maven.runtime_3.9.900.20250220-2013/jars/maven-resolver-provider-3.9.9.jar
2025-12-02 18:43:47,317 [Worker-0: Launching mavenrun-5f3bf3f4-ece4-411c-acae-9e0a2bfd66b3] INFO  o.eclipse.m2e.core.internal.Bundles - 	Entry: /home/aniket/Documents/Download/Eclipse EE/eclipse/plugins/org.eclipse.m2e.maven.runtime_3.9.900.20250220-2013/jars/maven-resolver-spi-1.9.22.jar
2025-12-02 18:43:47,317 [Worker-0: Launching mavenrun-5f3bf3f4-ece4-411c-acae-9e0a2bfd66b3] INFO  o.eclipse.m2e.core.internal.Bundles - 	Entry: /home/aniket/Documents/Download/Eclipse EE/eclipse/plugins/org.eclipse.m2e.maven.runtime_3.9.900.20250220-2013/jars/maven-resolver-transport-file-1.9.22.jar
2025-12-02 18:43:47,317 [Worker-0: Launching mavenrun-5f3bf3f4-ece4-411c-acae-9e0a2bfd66b3] INFO  o.eclipse.m2e.core.internal.Bundles - 	Entry: /home/aniket/Documents/Download/Eclipse EE/eclipse/plugins/org.eclipse.m2e.maven.runtime_3.9.900.20250220-2013/jars/maven-resolver-transport-http-1.9.22.jar
2025-12-02 18:43:47,317 [Worker-0: Launching mavenrun-5f3bf3f4-ece4-411c-acae-9e0a2bfd66b3] INFO  o.eclipse.m2e.core.internal.Bundles - 	Entry: /home/aniket/Documents/Download/Eclipse EE/eclipse/plugins/org.eclipse.m2e.maven.runtime_3.9.900.20250220-2013/jars/maven-resolver-transport-wagon-1.9.22.jar
2025-12-02 18:43:47,317 [Worker-0: Launching mavenrun-5f3bf3f4-ece4-411c-acae-9e0a2bfd66b3] INFO  o.eclipse.m2e.core.internal.Bundles - 	Entry: /home/aniket/Documents/Download/Eclipse EE/eclipse/plugins/org.eclipse.m2e.maven.runtime_3.9.900.20250220-2013/jars/maven-resolver-util-1.9.22.jar
2025-12-02 18:43:47,317 [Worker-0: Launching mavenrun-5f3bf3f4-ece4-411c-acae-9e0a2bfd66b3] INFO  o.eclipse.m2e.core.internal.Bundles - 	Entry: /home/aniket/Documents/Download/Eclipse EE/eclipse/plugins/org.eclipse.m2e.maven.runtime_3.9.900.20250220-2013/jars/maven-settings-3.9.9.jar
2025-12-02 18:43:47,317 [Worker-0: Launching mavenrun-5f3bf3f4-ece4-411c-acae-9e0a2bfd66b3] INFO  o.eclipse.m2e.core.internal.Bundles - 	Entry: /home/aniket/Documents/Download/Eclipse EE/eclipse/plugins/org.eclipse.m2e.maven.runtime_3.9.900.20250220-2013/jars/maven-settings-builder-3.9.9.jar
2025-12-02 18:43:47,317 [Worker-0: Launching mavenrun-5f3bf3f4-ece4-411c-acae-9e0a2bfd66b3] INFO  o.eclipse.m2e.core.internal.Bundles - 	Entry: /home/aniket/Documents/Download/Eclipse EE/eclipse/plugins/org.eclipse.m2e.maven.runtime_3.9.900.20250220-2013/jars/maven-shared-utils-3.4.2.jar
2025-12-02 18:43:47,317 [Worker-0: Launching mavenrun-5f3bf3f4-ece4-411c-acae-9e0a2bfd66b3] INFO  o.eclipse.m2e.core.internal.Bundles - 	Entry: /home/aniket/Documents/Download/Eclipse EE/eclipse/plugins/org.eclipse.m2e.maven.runtime_3.9.900.20250220-2013/jars/org.eclipse.sisu.inject-0.9.0.M3.jar
2025-12-02 18:43:47,317 [Worker-0: Launching mavenrun-5f3bf3f4-ece4-411c-acae-9e0a2bfd66b3] INFO  o.eclipse.m2e.core.internal.Bundles - 	Entry: /home/aniket/Documents/Download/Eclipse EE/eclipse/plugins/org.eclipse.m2e.maven.runtime_3.9.900.20250220-2013/jars/org.eclipse.sisu.plexus-0.9.0.M3.jar
2025-12-02 18:43:47,317 [Worker-0: Launching mavenrun-5f3bf3f4-ece4-411c-acae-9e0a2bfd66b3] INFO  o.eclipse.m2e.core.internal.Bundles - 	Entry: /home/aniket/Documents/Download/Eclipse EE/eclipse/plugins/org.eclipse.m2e.maven.runtime_3.9.900.20250220-2013/jars/plexus-build-api-0.0.7.jar
2025-12-02 18:43:47,317 [Worker-0: Launching mavenrun-5f3bf3f4-ece4-411c-acae-9e0a2bfd66b3] INFO  o.eclipse.m2e.core.internal.Bundles - 	Entry: /home/aniket/Documents/Download/Eclipse EE/eclipse/plugins/org.eclipse.m2e.maven.runtime_3.9.900.20250220-2013/jars/plexus-build-api-1.2.0.jar
2025-12-02 18:43:47,317 [Worker-0: Launching mavenrun-5f3bf3f4-ece4-411c-acae-9e0a2bfd66b3] INFO  o.eclipse.m2e.core.internal.Bundles - 	Entry: /home/aniket/Documents/Download/Eclipse EE/eclipse/plugins/org.eclipse.m2e.maven.runtime_3.9.900.20250220-2013/jars/plexus-cipher-2.0.jar
2025-12-02 18:43:47,317 [Worker-0: Launching mavenrun-5f3bf3f4-ece4-411c-acae-9e0a2bfd66b3] INFO  o.eclipse.m2e.core.internal.Bundles - 	Entry: /home/aniket/Documents/Download/Eclipse EE/eclipse/plugins/org.eclipse.m2e.maven.runtime_3.9.900.20250220-2013/jars/plexus-classworlds-2.8.0.jar
2025-12-02 18:43:47,317 [Worker-0: Launching mavenrun-5f3bf3f4-ece4-411c-acae-9e0a2bfd66b3] INFO  o.eclipse.m2e.core.internal.Bundles - 	Entry: /home/aniket/Documents/Download/Eclipse EE/eclipse/plugins/org.eclipse.m2e.maven.runtime_3.9.900.20250220-2013/jars/plexus-component-annotations-2.1.0.jar
2025-12-02 18:43:47,317 [Worker-0: Launching mavenrun-5f3bf3f4-ece4-411c-acae-9e0a2bfd66b3] INFO  o.eclipse.m2e.core.internal.Bundles - 	Entry: /home/aniket/Documents/Download/Eclipse EE/eclipse/plugins/org.eclipse.m2e.maven.runtime_3.9.900.20250220-2013/jars/plexus-interpolation-1.27.jar
2025-12-02 18:43:47,317 [Worker-0: Launching mavenrun-5f3bf3f4-ece4-411c-acae-9e0a2bfd66b3] INFO  o.eclipse.m2e.core.internal.Bundles - 	Entry: /home/aniket/Documents/Download/Eclipse EE/eclipse/plugins/org.eclipse.m2e.maven.runtime_3.9.900.20250220-2013/jars/plexus-sec-dispatcher-2.0.jar
2025-12-02 18:43:47,317 [Worker-0: Launching mavenrun-5f3bf3f4-ece4-411c-acae-9e0a2bfd66b3] INFO  o.eclipse.m2e.core.internal.Bundles - 	Entry: /home/aniket/Documents/Download/Eclipse EE/eclipse/plugins/org.eclipse.m2e.maven.runtime_3.9.900.20250220-2013/jars/plexus-utils-3.5.1.jar
2025-12-02 18:43:47,317 [Worker-0: Launching mavenrun-5f3bf3f4-ece4-411c-acae-9e0a2bfd66b3] INFO  o.eclipse.m2e.core.internal.Bundles - 	Entry: /home/aniket/Documents/Download/Eclipse EE/eclipse/plugins/org.eclipse.m2e.maven.runtime_3.9.900.20250220-2013/jars/plexus-xml-3.0.1.jar
2025-12-02 18:43:47,317 [Worker-0: Launching mavenrun-5f3bf3f4-ece4-411c-acae-9e0a2bfd66b3] INFO  o.eclipse.m2e.core.internal.Bundles - 	Entry: /home/aniket/Documents/Download/Eclipse EE/eclipse/plugins/org.eclipse.m2e.maven.runtime_3.9.900.20250220-2013/jars/wagon-file-3.5.3.jar
2025-12-02 18:43:47,317 [Worker-0: Launching mavenrun-5f3bf3f4-ece4-411c-acae-9e0a2bfd66b3] INFO  o.eclipse.m2e.core.internal.Bundles - 	Entry: /home/aniket/Documents/Download/Eclipse EE/eclipse/plugins/org.eclipse.m2e.maven.runtime_3.9.900.20250220-2013/jars/wagon-http-3.5.3.jar
2025-12-02 18:43:47,317 [Worker-0: Launching mavenrun-5f3bf3f4-ece4-411c-acae-9e0a2bfd66b3] INFO  o.eclipse.m2e.core.internal.Bundles - 	Entry: /home/aniket/Documents/Download/Eclipse EE/eclipse/plugins/org.eclipse.m2e.maven.runtime_3.9.900.20250220-2013/jars/wagon-http-shared-3.5.3.jar
2025-12-02 18:43:47,317 [Worker-0: Launching mavenrun-5f3bf3f4-ece4-411c-acae-9e0a2bfd66b3] INFO  o.eclipse.m2e.core.internal.Bundles - 	Entry: /home/aniket/Documents/Download/Eclipse EE/eclipse/plugins/org.eclipse.m2e.maven.runtime_3.9.900.20250220-2013/jars/wagon-provider-api-3.5.3.jar
2025-12-02 18:43:47,318 [Worker-0: Launching mavenrun-5f3bf3f4-ece4-411c-acae-9e0a2bfd66b3] INFO  o.eclipse.m2e.core.internal.Bundles - getClasspathEntries(Bundle=com.google.guava_33.4.8.jre [18])
2025-12-02 18:43:47,318 [Worker-0: Launching mavenrun-5f3bf3f4-ece4-411c-acae-9e0a2bfd66b3] INFO  o.eclipse.m2e.core.internal.Bundles - 	Entry: /home/aniket/Documents/Download/Eclipse EE/eclipse/plugins/com.google.guava_33.4.8.jre.jar
2025-12-02 18:43:47,318 [Worker-0: Launching mavenrun-5f3bf3f4-ece4-411c-acae-9e0a2bfd66b3] INFO  o.eclipse.m2e.core.internal.Bundles - getClasspathEntries(Bundle=slf4j.api_2.0.17 [1002])
2025-12-02 18:43:47,318 [Worker-0: Launching mavenrun-5f3bf3f4-ece4-411c-acae-9e0a2bfd66b3] INFO  o.eclipse.m2e.core.internal.Bundles - 	Entry: /home/aniket/Documents/Download/Eclipse EE/eclipse/plugins/slf4j.api_2.0.17.jar
2025-12-02 18:43:47,318 [Worker-0: Launching mavenrun-5f3bf3f4-ece4-411c-acae-9e0a2bfd66b3] INFO  o.eclipse.m2e.core.internal.Bundles - getClasspathEntries(Bundle=jakarta.inject.jakarta.inject-api_1.0.5 [35])
2025-12-02 18:43:47,318 [Worker-0: Launching mavenrun-5f3bf3f4-ece4-411c-acae-9e0a2bfd66b3] INFO  o.eclipse.m2e.core.internal.Bundles - 	Entry: /home/aniket/Documents/Download/Eclipse EE/eclipse/plugins/jakarta.inject.jakarta.inject-api_1.0.5.jar
2025-12-02 18:43:47,318 [Worker-0: Launching mavenrun-5f3bf3f4-ece4-411c-acae-9e0a2bfd66b3] INFO  o.eclipse.m2e.core.internal.Bundles - getClasspathEntries(Bundle=javax.annotation_1.3.5.v20200909-1856 [45])
2025-12-02 18:43:47,318 [Worker-0: Launching mavenrun-5f3bf3f4-ece4-411c-acae-9e0a2bfd66b3] INFO  o.eclipse.m2e.core.internal.Bundles - 	Entry: /home/aniket/Documents/Download/Eclipse EE/eclipse/plugins/javax.annotation_1.3.5.v20200909-1856.jar
2025-12-02 18:43:47,318 [Worker-0: Launching mavenrun-5f3bf3f4-ece4-411c-acae-9e0a2bfd66b3] INFO  o.eclipse.m2e.core.internal.Bundles - getClasspathEntries(Bundle=org.apache.commons.cli_1.9.0 [76])
2025-12-02 18:43:47,318 [Worker-0: Launching mavenrun-5f3bf3f4-ece4-411c-acae-9e0a2bfd66b3] INFO  o.eclipse.m2e.core.internal.Bundles - 	Entry: /home/aniket/Documents/Download/Eclipse EE/eclipse/plugins/org.apache.commons.cli_1.9.0.jar
2025-12-02 18:43:47,318 [Worker-0: Launching mavenrun-5f3bf3f4-ece4-411c-acae-9e0a2bfd66b3] INFO  o.eclipse.m2e.core.internal.Bundles - getClasspathEntries(Bundle=org.apache.commons.commons-codec_1.16.0 [78])
2025-12-02 18:43:47,318 [Worker-0: Launching mavenrun-5f3bf3f4-ece4-411c-acae-9e0a2bfd66b3] INFO  o.eclipse.m2e.core.internal.Bundles - 	Entry: /home/aniket/Documents/Download/Eclipse EE/eclipse/plugins/org.apache.commons.commons-codec_1.16.0.jar
2025-12-02 18:43:47,318 [Worker-0: Launching mavenrun-5f3bf3f4-ece4-411c-acae-9e0a2bfd66b3] INFO  o.eclipse.m2e.core.internal.Bundles - getClasspathEntries(Bundle=com.google.guava.failureaccess_1.0.3 [19])
2025-12-02 18:43:47,318 [Worker-0: Launching mavenrun-5f3bf3f4-ece4-411c-acae-9e0a2bfd66b3] INFO  o.eclipse.m2e.core.internal.Bundles - 	Entry: /home/aniket/Documents/Download/Eclipse EE/eclipse/plugins/com.google.guava.failureaccess_1.0.3.jar
2025-12-02 18:43:47,320 [Worker-0: Launching mavenrun-5f3bf3f4-ece4-411c-acae-9e0a2bfd66b3] INFO  o.e.m.i.launch.MavenLaunchDelegate - Run build in "/tmp/m2e-archetypeGenerator3584553772128178839":
2025-12-02 18:43:47,322 [Worker-0: Launching mavenrun-5f3bf3f4-ece4-411c-acae-9e0a2bfd66b3] INFO  o.e.m.i.launch.MavenLaunchDelegate -  mvn  -DarchetypeGroupId=org.apache.maven.archetypes -DarchetypeArtifactId=maven-archetype-webapp -DarchetypeVersion=1.5 -DgroupId=com.auth -DartifactId=Email_Verification_Login_System -Dversion=0.0.1-SNAPSHOT -Dpackage=com.auth -DoutputDirectory=/home/aniket/Documents/Programming_Languages/EmailVerificationSystem -Dstyle.color=always -U archetype:generate
2025-12-02 18:43:55,190 [Worker-3: Creating maven-archetype-webapp] INFO  o.e.m.c.i.p.ProjectConfigurationManager - Collecting project info '/pom.xml' /home/aniket/Documents/Programming_Languages/EmailVerificationSystem/Email_Verification_Login_System/pom.xml
2025-12-02 18:43:55,450 [Worker-3: Creating maven-archetype-webapp] INFO  o.e.m.c.i.l.LifecycleMappingFactory - Using org.maven.ide.eclipse.wtp.WarLifecycleMapping lifecycle mapping for MavenProject: com.auth:Email_Verification_Login_System:0.0.1-SNAPSHOT @ /home/aniket/Documents/Programming_Languages/EmailVerificationSystem/Email_Verification_Login_System/pom.xml.
2025-12-02 18:43:55,764 [Worker-3: Creating maven-archetype-webapp] INFO  o.e.m.j.i.AbstractJavaProjectConfigurator - Adding source folder /Email_Verification_Login_System/src/main/java
2025-12-02 18:43:55,765 [Worker-3: Creating maven-archetype-webapp] INFO  o.e.m.j.i.AbstractJavaProjectConfigurator - Adding resource folder /Email_Verification_Login_System/src/main/resources
2025-12-02 18:43:55,766 [Worker-3: Creating maven-archetype-webapp] INFO  o.e.m.j.i.AbstractJavaProjectConfigurator - Adding source folder /Email_Verification_Login_System/src/test/java
2025-12-02 18:43:55,766 [Worker-3: Creating maven-archetype-webapp] INFO  o.e.m.j.i.AbstractJavaProjectConfigurator - Adding resource folder /Email_Verification_Login_System/src/test/resources
2025-12-02 18:43:56,547 [Worker-3: Creating maven-archetype-webapp] INFO  o.e.m.c.i.p.ProjectConfigurationManager - Imported and configured 1 project(s) in 1 sec
2025-12-02 18:43:56,891 [Worker-0: Building] INFO  o.a.m.s.f.DefaultMavenResourcesFiltering - skip non existing resourceDirectory /home/aniket/Documents/Programming_Languages/EmailVerificationSystem/Email_Verification_Login_System/src/main/resources
2025-12-02 18:43:56,894 [Worker-0: Building] INFO  o.a.m.s.f.DefaultMavenResourcesFiltering - skip non existing resourceDirectory /home/aniket/Documents/Programming_Languages/EmailVerificationSystem/Email_Verification_Login_System/src/test/resources
2025-12-02 18:43:57,249 [Worker-29: Building] INFO  o.a.m.s.f.DefaultMavenResourcesFiltering - skip non existing resourceDirectory /home/aniket/Documents/Programming_Languages/EmailVerificationSystem/Email_Verification_Login_System/src/main/resources
2025-12-02 18:43:57,251 [Worker-29: Building] INFO  o.a.m.s.f.DefaultMavenResourcesFiltering - skip non existing resourceDirectory /home/aniket/Documents/Programming_Languages/EmailVerificationSystem/Email_Verification_Login_System/src/test/resources
2025-12-02 18:44:38,985 [Worker-33: Building Project Email_Verification_Login_System] INFO  o.a.m.s.f.DefaultMavenResourcesFiltering - skip non existing resourceDirectory /home/aniket/Documents/Programming_Languages/EmailVerificationSystem/Email_Verification_Login_System/src/main/resources
2025-12-02 18:44:38,988 [Worker-33: Building Project Email_Verification_Login_System] INFO  o.a.m.s.f.DefaultMavenResourcesFiltering - skip non existing resourceDirectory /home/aniket/Documents/Programming_Languages/EmailVerificationSystem/Email_Verification_Login_System/src/test/resources
2025-12-02 18:45:08,632 [Worker-32: Building] INFO  o.a.m.s.f.DefaultMavenResourcesFiltering - skip non existing resourceDirectory /home/aniket/Documents/Programming_Languages/EmailVerificationSystem/Email_Verification_Login_System/src/main/resources
2025-12-02 18:45:08,633 [Worker-32: Building] INFO  o.a.m.s.f.DefaultMavenResourcesFiltering - skip non existing resourceDirectory /home/aniket/Documents/Programming_Languages/EmailVerificationSystem/Email_Verification_Login_System/src/test/resources
2025-12-02 18:47:24,549 [Worker-33: Building] INFO  o.a.m.s.f.DefaultMavenResourcesFiltering - Copying 1 resource from src/main/resources to target/classes
2025-12-02 18:47:24,558 [Worker-33: Building] INFO  o.a.m.s.f.DefaultMavenResourcesFiltering - skip non existing resourceDirectory /home/aniket/Documents/Programming_Languages/EmailVerificationSystem/Email_Verification_Login_System/src/test/resources
2025-12-02 18:48:35,372 [Worker-0: Building] INFO  o.e.m.c.i.l.LifecycleMappingFactory - Using org.maven.ide.eclipse.wtp.WarLifecycleMapping lifecycle mapping for MavenProject: com.auth:Email_Verification_Login_System:0.0.1-SNAPSHOT @ /home/aniket/Documents/Programming_Languages/EmailVerificationSystem/Email_Verification_Login_System/pom.xml.
2025-12-02 18:48:35,651 [Worker-0: Building] INFO  o.a.m.s.f.DefaultMavenResourcesFiltering - Copying 0 resource from src/main/resources to target/classes
2025-12-02 18:48:35,656 [Worker-0: Building] INFO  o.a.m.s.f.DefaultMavenResourcesFiltering - skip non existing resourceDirectory /home/aniket/Documents/Programming_Languages/EmailVerificationSystem/Email_Verification_Login_System/src/test/resources
2025-12-02 18:48:35,657 [Worker-0: Building] INFO  o.e.m.w.i.f.ResourceFilteringBuildParticipant - Changed resources require a complete clean of filtered resources of Email_Verification_Login_System
2025-12-02 18:48:35,658 [Worker-0: Building] INFO  o.e.m.w.i.f.ResourceFilteringBuildParticipant - Executing resource filtering for Email_Verification_Login_System
2025-12-02 18:48:36,962 [Worker-2: Building] INFO  o.a.m.s.f.DefaultMavenResourcesFiltering - Copying 1 resource from src/main/resources to target/classes
2025-12-02 18:48:36,966 [Worker-2: Building] INFO  o.a.m.s.f.DefaultMavenResourcesFiltering - skip non existing resourceDirectory /home/aniket/Documents/Programming_Languages/EmailVerificationSystem/Email_Verification_Login_System/src/test/resources
2025-12-02 18:48:44,912 [Worker-34: Updating Maven Project] INFO  o.e.m.c.i.p.ProjectConfigurationManager - Update started
2025-12-02 18:48:44,934 [Worker-34: Updating Maven Project] INFO  o.e.m.c.i.l.LifecycleMappingFactory - Using org.maven.ide.eclipse.wtp.WarLifecycleMapping lifecycle mapping for MavenProject: com.auth:Email_Verification_Login_System:0.0.1-SNAPSHOT @ /home/aniket/Documents/Programming_Languages/EmailVerificationSystem/Email_Verification_Login_System/pom.xml.
2025-12-02 18:48:45,136 [Worker-34: Updating Maven Project] INFO  o.e.m.j.i.AbstractJavaProjectConfigurator - Adding source folder /Email_Verification_Login_System/src/main/java
2025-12-02 18:48:45,137 [Worker-34: Updating Maven Project] INFO  o.e.m.j.i.AbstractJavaProjectConfigurator - Adding resource folder /Email_Verification_Login_System/src/main/resources
2025-12-02 18:48:45,138 [Worker-34: Updating Maven Project] INFO  o.e.m.j.i.AbstractJavaProjectConfigurator - Adding source folder /Email_Verification_Login_System/src/test/java
2025-12-02 18:48:45,139 [Worker-34: Updating Maven Project] INFO  o.e.m.j.i.AbstractJavaProjectConfigurator - Adding resource folder /Email_Verification_Login_System/src/test/resources
2025-12-02 18:48:45,402 [Worker-34: Updating Maven Project] INFO  o.e.m.w.i.f.ResourceFilteringBuildParticipant - Cleaning filtered folder for Email_Verification_Login_System
2025-12-02 18:48:45,409 [Worker-34: Updating Maven Project] INFO  o.e.m.c.i.p.ProjectConfigurationManager - Update completed for 1 poms: local refresh takes 0.00 sec, refresh facades takes 0.00 sec, update config takes 0.00 sec 
2025-12-02 18:48:45,727 [Worker-7: Building Project Email_Verification_Login_System] INFO  o.a.m.s.f.DefaultMavenResourcesFiltering - Copying 1 resource from src/main/resources to target/classes
2025-12-02 18:48:45,733 [Worker-7: Building Project Email_Verification_Login_System] INFO  o.a.m.s.f.DefaultMavenResourcesFiltering - skip non existing resourceDirectory /home/aniket/Documents/Programming_Languages/EmailVerificationSystem/Email_Verification_Login_System/src/test/resources
2025-12-02 18:48:45,733 [Worker-7: Building Project Email_Verification_Login_System] INFO  o.e.m.w.i.f.ResourceFilteringBuildParticipant - Changed resources require a complete clean of filtered resources of Email_Verification_Login_System
2025-12-02 18:48:45,733 [Worker-7: Building Project Email_Verification_Login_System] INFO  o.e.m.w.i.f.ResourceFilteringBuildParticipant - Executing resource filtering for Email_Verification_Login_System
2025-12-02 18:49:27,186 [Worker-6: Loading available Gradle versions] INFO  o.e.b.c.i.u.g.PublishedGradleVersions - Gradle version information cache is up-to-date. Trying to read.
2025-12-02 18:49:30,197 [Worker-5: Building] INFO  o.a.m.s.f.DefaultMavenResourcesFiltering - Copying 1 resource from src/main/resources to target/classes
2025-12-02 18:49:30,211 [Worker-5: Building] INFO  o.a.m.s.f.DefaultMavenResourcesFiltering - skip non existing resourceDirectory /home/aniket/Documents/Programming_Languages/EmailVerificationSystem/Email_Verification_Login_System/src/test/resources
2025-12-02 18:50:05,409 [Worker-18: Building Project Email_Verification_Login_System] INFO  o.a.m.s.f.DefaultMavenResourcesFiltering - Copying 1 resource from src/main/resources to target/classes
2025-12-02 18:50:05,415 [Worker-18: Building Project Email_Verification_Login_System] INFO  o.a.m.s.f.DefaultMavenResourcesFiltering - skip non existing resourceDirectory /home/aniket/Documents/Programming_Languages/EmailVerificationSystem/Email_Verification_Login_System/src/test/resources
2025-12-02 19:13:50,696 [Worker-23: Building] INFO  o.a.m.s.f.DefaultMavenResourcesFiltering - Copying 1 resource from src/main/resources to target/classes
2025-12-02 19:13:50,698 [Worker-23: Building] INFO  o.a.m.s.f.DefaultMavenResourcesFiltering - skip non existing resourceDirectory /home/aniket/Documents/Programming_Languages/EmailVerificationSystem/Email_Verification_Login_System/src/test/resources
2025-12-02 19:14:07,060 [Worker-12: Building] INFO  o.a.m.s.f.DefaultMavenResourcesFiltering - Copying 1 resource from src/main/resources to target/classes
2025-12-02 19:14:07,061 [Worker-12: Building] INFO  o.a.m.s.f.DefaultMavenResourcesFiltering - skip non existing resourceDirectory /home/aniket/Documents/Programming_Languages/EmailVerificationSystem/Email_Verification_Login_System/src/test/resources
2025-12-02 19:14:45,897 [Worker-28: Building] INFO  o.a.m.s.f.DefaultMavenResourcesFiltering - Copying 1 resource from src/main/resources to target/classes
2025-12-02 19:14:45,898 [Worker-28: Building] INFO  o.a.m.s.f.DefaultMavenResourcesFiltering - skip non existing resourceDirectory /home/aniket/Documents/Programming_Languages/EmailVerificationSystem/Email_Verification_Login_System/src/test/resources
2025-12-02 19:16:12,795 [Worker-23: Building] INFO  o.a.m.s.f.DefaultMavenResourcesFiltering - Copying 1 resource from src/main/resources to target/classes
2025-12-02 19:16:12,796 [Worker-23: Building] INFO  o.a.m.s.f.DefaultMavenResourcesFiltering - skip non existing resourceDirectory /home/aniket/Documents/Programming_Languages/EmailVerificationSystem/Email_Verification_Login_System/src/test/resources
2025-12-02 19:28:08,532 [Worker-5: Loading available Gradle versions] INFO  o.e.b.c.i.u.g.PublishedGradleVersions - Gradle version information cache is up-to-date. Trying to read.
2025-12-02 19:30:52,006 [Worker-23: Building] INFO  o.a.m.s.f.DefaultMavenResourcesFiltering - Copying 1 resource from src/main/resources to target/classes
2025-12-02 19:30:52,018 [Worker-23: Building] INFO  o.a.m.s.f.DefaultMavenResourcesFiltering - skip non existing resourceDirectory /home/aniket/Documents/Programming_Languages/EmailVerificationSystem/Email_Verification_Login_System/src/test/resources
